{"target": 2.312557690794419, "params": {"a": -1.5082658308347496, "b": -0.4733542499696872, "c": 2.5367848316555204, "d": 2.6658264248650854, "e": 0.7675084558018934}, "datetime": {"datetime": "2024-11-12 15:07:07", "elapsed": 20.877127, "delta": 20.877127}}
{"target": 2.312557690794419, "params": {"a": -1.5082658308347496, "b": -0.4733542499696872, "c": 2.5367848316555204, "d": 2.6658264248650854, "e": 0.7675084558018934}, "datetime": {"datetime": "2024-11-12 15:07:07", "elapsed": 0.0, "delta": 0.0}}
{"target": -1.6372278130561715, "params": {"a": -0.42242184496968527, "b": 1.119005566089502, "c": 1.1808823908711013, "d": 0.09144138672095903, "e": 1.0005772597798699}, "datetime": {"datetime": "2024-11-12 15:07:07", "elapsed": 20.877996, "delta": 0.000869}}
{"target": -1.6372278130561715, "params": {"a": -0.42242184496968527, "b": 1.119005566089502, "c": 1.1808823908711013, "d": 0.09144138672095903, "e": 1.0005772597798699}, "datetime": {"datetime": "2024-11-12 15:07:07", "elapsed": 0.000477, "delta": 0.000477}}
{"target": -816.3037046395457, "params": {"a": 2.944305444532474, "b": 1.4889939262790364, "c": -4.915116087291543, "d": 3.946396642257443, "e": -1.587095973689432}, "datetime": {"datetime": "2024-11-12 15:07:07", "elapsed": 20.878307, "delta": 0.000311}}
{"target": -816.3037046395457, "params": {"a": 2.944305444532474, "b": 1.4889939262790364, "c": -4.915116087291543, "d": 3.946396642257443, "e": -1.587095973689432}, "datetime": {"datetime": "2024-11-12 15:07:07", "elapsed": 0.000783, "delta": 0.000306}}
{"target": -3.3003621944608064, "params": {"a": 0.44706945327516695, "b": -1.5404477382603061, "c": 0.9344721116473323, "d": 1.105430660530789, "e": 0.6971316657901827}, "datetime": {"datetime": "2024-11-12 15:07:07", "elapsed": 21.083481, "delta": 0.205174}}
{"target": -3.3003621944608064, "params": {"a": 0.44706945327516695, "b": -1.5404477382603061, "c": 0.9344721116473323, "d": 1.105430660530789, "e": 0.6971316657901827}, "datetime": {"datetime": "2024-11-12 15:07:07", "elapsed": 0.206478, "delta": 0.205695}}
{"target": -1.3421737997514658, "params": {"a": 0.4743060145262237, "b": -0.7276072538731482, "c": -2.3309306929471605, "d": 2.0157762201303884, "e": -0.13304505958291646}, "datetime": {"datetime": "2024-11-12 15:07:07", "elapsed": 21.221256, "delta": 0.137775}}
{"target": -1.3421737997514658, "params": {"a": 0.4743060145262237, "b": -0.7276072538731482, "c": -2.3309306929471605, "d": 2.0157762201303884, "e": -0.13304505958291646}, "datetime": {"datetime": "2024-11-12 15:07:07", "elapsed": 0.343814, "delta": 0.137336}}
{"target": -125.24622061925781, "params": {"a": 0.6023025429511493, "b": 0.3863992036867278, "c": 0.5101440101798158, "d": 3.3151230104747533, "e": 2.0}, "datetime": {"datetime": "2024-11-12 15:07:08", "elapsed": 21.359312, "delta": 0.138056}}
{"target": -125.24622061925781, "params": {"a": 0.6023025429511493, "b": 0.3863992036867278, "c": 0.5101440101798158, "d": 3.3151230104747533, "e": 2.0}, "datetime": {"datetime": "2024-11-12 15:07:08", "elapsed": 0.481872, "delta": 0.138058}}
