{"target": -709.0561531930259, "params": {"a": 2.4730333175192367, "b": -2.4897347317813328, "c": -7.570397384438294, "d": 0.8491520978228445, "e": 1.5125700137176525}, "datetime": {"datetime": "2025-02-28 10:17:45", "elapsed": 0.0, "delta": 0.0}}
{"target": 2.312557690794419, "params": {"a": -1.5082658308347496, "b": -0.4733542499696872, "c": 2.5367848316555204, "d": 2.6658264248650854, "e": 0.7675084558018934}, "datetime": {"datetime": "2025-02-28 10:17:45", "elapsed": 0.000786, "delta": 0.000786}}
{"target": -454.2638650577897, "params": {"a": -0.4570149943817108, "b": -2.9381974477429704, "c": -3.433383514158864, "d": 4.581661528174159, "e": 1.3539276994228029}, "datetime": {"datetime": "2025-02-28 10:17:45", "elapsed": 0.102194, "delta": 0.101408}}
{"target": -221.46071005612737, "params": {"a": -0.14083436387064197, "b": -1.2623253270371624, "c": -2.871750520711621, "d": 0.939112542595753, "e": -1.9608653643120344}, "datetime": {"datetime": "2025-02-28 10:17:45", "elapsed": 0.220194, "delta": 0.118}}
{"target": -86.93405673724303, "params": {"a": 1.9650814667247438, "b": -2.701888628775362, "c": 2.9368590229944136, "d": 0.0024498932988192834, "e": 0.9418240870935266}, "datetime": {"datetime": "2025-02-28 10:17:45", "elapsed": 0.305466, "delta": 0.085272}}
