{"target": -12.4780129010131, "params": {"x": -1.2662205459144347, "y": -2.445968431387213}, "datetime": {"datetime": "2024-10-28 13:12:53", "elapsed": 0.0, "delta": 0.0}}
{"target": -3.8540423116243687, "params": {"x": -1.0686989431116456, "y": -0.9266356377417138}, "datetime": {"datetime": "2024-10-28 13:12:53", "elapsed": 0.000532, "delta": 0.000532}}
{"target": -3.5849222647395624, "params": {"x": 0.7849743019157107, "y": 2.9921690716582026}, "datetime": {"datetime": "2024-10-28 13:12:53", "elapsed": 0.060822, "delta": 0.06029}}
{"target": 0.8156035186094124, "params": {"x": 0.04546390871224304, "y": 1.4270006023358661}, "datetime": {"datetime": "2024-10-28 13:12:53", "elapsed": 0.112494, "delta": 0.051672}}
{"target": 0.9665902392432401, "params": {"x": -0.10866998772264935, "y": 0.8530285928313974}, "datetime": {"datetime": "2024-10-28 13:12:53", "elapsed": 0.175018, "delta": 0.062524}}
